<?xml version="1.0" encoding="UTF-8"?>
<!-- Generated by org.testng.reporters.JUnitReportReporter -->
<testsuite name="a1_googleTest.A1_GoogleTest" tests="1" time="14.042" ignored="0" failures="0" timestamp="22 Jul 2023 13:37:39 GMT" skipped="0" hostname="DESKTOP-EDG6HFD" errors="0">
  <testcase name="validateGoogleTest" time="14.042" classname="a1_googleTest.A1_GoogleTest"/>
</testsuite> <!-- a1_googleTest.A1_GoogleTest -->
